[2019-09-17 10:28:24][MainThread:16200][task_id:__main__][ZbcnLog.py:69][INFO][It works!]
[2019-09-17 10:39:13][MainThread:17652][task_id:log.ZbcnLog][ZbcnLog.py:69][INFO][It works!]
[2019-09-17 10:39:13][MainThread:17652][task_id:D:/program/pyrhonScript/zbcn-py/function/LogTest.py][LogTest.py:10][DEBUG][start range... time:1568687953.975237]
[2019-09-17 10:39:13][MainThread:17652][task_id:D:/program/pyrhonScript/zbcn-py/function/LogTest.py][LogTest.py:11][INFO][中文测试开始。。。]
[2019-09-17 10:39:13][MainThread:17652][task_id:D:/program/pyrhonScript/zbcn-py/function/LogTest.py][LogTest.py:13][DEBUG][i:0]
[2019-09-17 10:39:15][MainThread:17652][task_id:D:/program/pyrhonScript/zbcn-py/function/LogTest.py][LogTest.py:13][DEBUG][i:1]
[2019-09-17 10:39:17][MainThread:17652][task_id:D:/program/pyrhonScript/zbcn-py/function/LogTest.py][LogTest.py:13][DEBUG][i:2]
[2019-09-17 10:39:19][MainThread:17652][task_id:D:/program/pyrhonScript/zbcn-py/function/LogTest.py][LogTest.py:13][DEBUG][i:3]
[2019-09-17 10:39:21][MainThread:17652][task_id:D:/program/pyrhonScript/zbcn-py/function/LogTest.py][LogTest.py:13][DEBUG][i:4]
[2019-09-17 10:39:23][MainThread:17652][task_id:D:/program/pyrhonScript/zbcn-py/function/LogTest.py][LogTest.py:13][DEBUG][i:5]
[2019-09-17 10:39:25][MainThread:17652][task_id:D:/program/pyrhonScript/zbcn-py/function/LogTest.py][LogTest.py:13][DEBUG][i:6]
[2019-09-17 10:39:27][MainThread:17652][task_id:D:/program/pyrhonScript/zbcn-py/function/LogTest.py][LogTest.py:13][DEBUG][i:7]
[2019-09-17 10:39:29][MainThread:17652][task_id:D:/program/pyrhonScript/zbcn-py/function/LogTest.py][LogTest.py:13][DEBUG][i:8]
[2019-09-17 10:39:31][MainThread:17652][task_id:D:/program/pyrhonScript/zbcn-py/function/LogTest.py][LogTest.py:13][DEBUG][i:9]
[2019-09-17 10:39:33][MainThread:17652][task_id:D:/program/pyrhonScript/zbcn-py/function/LogTest.py][LogTest.py:16][DEBUG][over range... time:1568687973.983633]
[2019-09-17 10:39:33][MainThread:17652][task_id:D:/program/pyrhonScript/zbcn-py/function/LogTest.py][LogTest.py:17][INFO][中文测试结束。。。]
[2019-09-17 10:40:00][MainThread:17352][task_id:log.ZbcnLog][ZbcnLog.py:69][INFO][It works!]
[2019-09-17 10:40:00][MainThread:17352][task_id:D:/program/pyrhonScript/zbcn-py/function/LogTest.py][LogTest.py:10][DEBUG][start range... time:1568688000.0815752]
[2019-09-17 10:40:00][MainThread:17352][task_id:D:/program/pyrhonScript/zbcn-py/function/LogTest.py][LogTest.py:11][INFO][中文测试开始。。。]
[2019-09-17 10:40:00][MainThread:17352][task_id:D:/program/pyrhonScript/zbcn-py/function/LogTest.py][LogTest.py:13][DEBUG][i:0]
[2019-09-17 10:40:02][MainThread:17352][task_id:D:/program/pyrhonScript/zbcn-py/function/LogTest.py][LogTest.py:13][DEBUG][i:1]
[2019-09-17 10:40:04][MainThread:17352][task_id:D:/program/pyrhonScript/zbcn-py/function/LogTest.py][LogTest.py:13][DEBUG][i:2]
[2019-09-17 10:40:06][MainThread:17352][task_id:D:/program/pyrhonScript/zbcn-py/function/LogTest.py][LogTest.py:13][DEBUG][i:3]
[2019-09-17 10:40:08][MainThread:17352][task_id:D:/program/pyrhonScript/zbcn-py/function/LogTest.py][LogTest.py:13][DEBUG][i:4]
[2019-09-17 10:40:10][MainThread:17352][task_id:D:/program/pyrhonScript/zbcn-py/function/LogTest.py][LogTest.py:13][DEBUG][i:5]
[2019-09-17 10:40:12][MainThread:17352][task_id:D:/program/pyrhonScript/zbcn-py/function/LogTest.py][LogTest.py:13][DEBUG][i:6]
[2019-09-17 10:40:14][MainThread:17352][task_id:D:/program/pyrhonScript/zbcn-py/function/LogTest.py][LogTest.py:13][DEBUG][i:7]
[2019-09-17 10:40:16][MainThread:17352][task_id:D:/program/pyrhonScript/zbcn-py/function/LogTest.py][LogTest.py:13][DEBUG][i:8]
[2019-09-17 10:40:18][MainThread:17352][task_id:D:/program/pyrhonScript/zbcn-py/function/LogTest.py][LogTest.py:13][DEBUG][i:9]
[2019-09-17 10:40:20][MainThread:17352][task_id:D:/program/pyrhonScript/zbcn-py/function/LogTest.py][LogTest.py:16][ERROR][over range... time:1568688020.086529]
[2019-09-17 10:40:20][MainThread:17352][task_id:D:/program/pyrhonScript/zbcn-py/function/LogTest.py][LogTest.py:17][INFO][中文测试结束。。。]
[INFO][2019-09-17 10:43:13][ZbcnLog.py:69]It works!
[DEBUG][2019-09-17 10:43:13][LogTest.py:10]start range... time:1568688193.9193587
[INFO][2019-09-17 10:43:13][LogTest.py:11]中文测试开始。。。
[DEBUG][2019-09-17 10:43:13][LogTest.py:13]i:0
[DEBUG][2019-09-17 10:43:15][LogTest.py:13]i:1
[DEBUG][2019-09-17 10:43:17][LogTest.py:13]i:2
[DEBUG][2019-09-17 10:43:19][LogTest.py:13]i:3
[DEBUG][2019-09-17 10:43:21][LogTest.py:13]i:4
[DEBUG][2019-09-17 10:43:23][LogTest.py:13]i:5
[DEBUG][2019-09-17 10:43:25][LogTest.py:13]i:6
[DEBUG][2019-09-17 10:43:27][LogTest.py:13]i:7
[DEBUG][2019-09-17 10:43:29][LogTest.py:13]i:8
[DEBUG][2019-09-17 10:43:31][LogTest.py:13]i:9
[INFO][2019-09-17 10:43:33][LogTest.py:16]over range... time:1568688213.926617
[INFO][2019-09-17 10:43:33][LogTest.py:17]中文测试结束。。。
[2019-09-17 10:45:24][MainThread:8416][task_id:log.ZbcnLog][ZbcnLog.py:72][INFO][It works!]
[2019-09-17 10:45:24][MainThread:8416][task_id:D:/program/pyrhonScript/zbcn-py/function/LogTest.py][LogTest.py:10][DEBUG][start range... time:1568688324.4162698]
[2019-09-17 10:45:24][MainThread:8416][task_id:D:/program/pyrhonScript/zbcn-py/function/LogTest.py][LogTest.py:11][INFO][中文测试开始。。。]
[2019-09-17 10:45:24][MainThread:8416][task_id:D:/program/pyrhonScript/zbcn-py/function/LogTest.py][LogTest.py:13][DEBUG][i:0]
[2019-09-17 10:45:26][MainThread:8416][task_id:D:/program/pyrhonScript/zbcn-py/function/LogTest.py][LogTest.py:13][DEBUG][i:1]
[2019-09-17 10:45:28][MainThread:8416][task_id:D:/program/pyrhonScript/zbcn-py/function/LogTest.py][LogTest.py:13][DEBUG][i:2]
[2019-09-17 10:45:30][MainThread:8416][task_id:D:/program/pyrhonScript/zbcn-py/function/LogTest.py][LogTest.py:13][DEBUG][i:3]
[2019-09-17 10:45:32][MainThread:8416][task_id:D:/program/pyrhonScript/zbcn-py/function/LogTest.py][LogTest.py:13][DEBUG][i:4]
[2019-09-17 10:45:34][MainThread:8416][task_id:D:/program/pyrhonScript/zbcn-py/function/LogTest.py][LogTest.py:13][DEBUG][i:5]
[2019-09-17 10:45:36][MainThread:8416][task_id:D:/program/pyrhonScript/zbcn-py/function/LogTest.py][LogTest.py:13][DEBUG][i:6]
[2019-09-17 10:45:38][MainThread:8416][task_id:D:/program/pyrhonScript/zbcn-py/function/LogTest.py][LogTest.py:13][DEBUG][i:7]
[2019-09-17 10:45:40][MainThread:8416][task_id:D:/program/pyrhonScript/zbcn-py/function/LogTest.py][LogTest.py:13][DEBUG][i:8]
[2019-09-17 10:45:42][MainThread:8416][task_id:D:/program/pyrhonScript/zbcn-py/function/LogTest.py][LogTest.py:13][DEBUG][i:9]
[2019-09-17 10:45:44][MainThread:8416][task_id:D:/program/pyrhonScript/zbcn-py/function/LogTest.py][LogTest.py:16][INFO][over range... time:1568688344.4247384]
[2019-09-17 10:45:44][MainThread:8416][task_id:D:/program/pyrhonScript/zbcn-py/function/LogTest.py][LogTest.py:17][INFO][中文测试结束。。。]
[2019-09-17 10:46:05][MainThread:13852][task_id:log.ZbcnLog][ZbcnLog.py:72][INFO][It works!]
[2019-09-17 10:46:05][MainThread:13852][task_id:D:/program/pyrhonScript/zbcn-py/function/LogTest.py][LogTest.py:10][DEBUG][start range... time:1568688365.052063]
[2019-09-17 10:46:05][MainThread:13852][task_id:D:/program/pyrhonScript/zbcn-py/function/LogTest.py][LogTest.py:11][INFO][中文测试开始。。。]
[2019-09-17 10:46:05][MainThread:13852][task_id:D:/program/pyrhonScript/zbcn-py/function/LogTest.py][LogTest.py:13][DEBUG][i:0]
[2019-09-17 10:46:07][MainThread:13852][task_id:D:/program/pyrhonScript/zbcn-py/function/LogTest.py][LogTest.py:13][DEBUG][i:1]
[2019-09-17 10:46:09][MainThread:13852][task_id:D:/program/pyrhonScript/zbcn-py/function/LogTest.py][LogTest.py:13][DEBUG][i:2]
[2019-09-17 10:46:11][MainThread:13852][task_id:D:/program/pyrhonScript/zbcn-py/function/LogTest.py][LogTest.py:13][DEBUG][i:3]
[2019-09-17 10:46:13][MainThread:13852][task_id:D:/program/pyrhonScript/zbcn-py/function/LogTest.py][LogTest.py:13][DEBUG][i:4]
[2019-09-17 10:46:15][MainThread:13852][task_id:D:/program/pyrhonScript/zbcn-py/function/LogTest.py][LogTest.py:13][DEBUG][i:5]
[2019-09-17 10:46:17][MainThread:13852][task_id:D:/program/pyrhonScript/zbcn-py/function/LogTest.py][LogTest.py:13][DEBUG][i:6]
[2019-09-17 10:46:19][MainThread:13852][task_id:D:/program/pyrhonScript/zbcn-py/function/LogTest.py][LogTest.py:13][DEBUG][i:7]
[2019-09-17 10:46:21][MainThread:13852][task_id:D:/program/pyrhonScript/zbcn-py/function/LogTest.py][LogTest.py:13][DEBUG][i:8]
[2019-09-17 10:46:23][MainThread:13852][task_id:D:/program/pyrhonScript/zbcn-py/function/LogTest.py][LogTest.py:13][DEBUG][i:9]
[2019-09-17 10:46:25][MainThread:13852][task_id:D:/program/pyrhonScript/zbcn-py/function/LogTest.py][LogTest.py:16][INFO][over range... time:1568688385.0586624]
[2019-09-17 10:46:25][MainThread:13852][task_id:D:/program/pyrhonScript/zbcn-py/function/LogTest.py][LogTest.py:17][INFO][中文测试结束。。。]
[2019-09-17 11:01:06][MainThread:20196][task_id:log.ZbcnLog][ZbcnLog.py:82][INFO][It works!]
[2019-09-17 11:01:06][MainThread:20196][task_id:D:/program/pyrhonScript/zbcn-py/function/LogTest.py][LogTest.py:10][DEBUG][start range... time:1568689266.0773957]
[2019-09-17 11:01:06][MainThread:20196][task_id:D:/program/pyrhonScript/zbcn-py/function/LogTest.py][LogTest.py:11][INFO][中文测试开始。。。]
[2019-09-17 11:01:06][MainThread:20196][task_id:D:/program/pyrhonScript/zbcn-py/function/LogTest.py][LogTest.py:13][DEBUG][i:0]
[2019-09-17 11:01:08][MainThread:20196][task_id:D:/program/pyrhonScript/zbcn-py/function/LogTest.py][LogTest.py:13][DEBUG][i:1]
[2019-09-17 11:01:10][MainThread:20196][task_id:D:/program/pyrhonScript/zbcn-py/function/LogTest.py][LogTest.py:13][DEBUG][i:2]
[2019-09-17 11:01:12][MainThread:20196][task_id:D:/program/pyrhonScript/zbcn-py/function/LogTest.py][LogTest.py:13][DEBUG][i:3]
[2019-09-17 11:01:14][MainThread:20196][task_id:D:/program/pyrhonScript/zbcn-py/function/LogTest.py][LogTest.py:13][DEBUG][i:4]
[2019-09-17 11:01:16][MainThread:20196][task_id:D:/program/pyrhonScript/zbcn-py/function/LogTest.py][LogTest.py:13][DEBUG][i:5]
[2019-09-17 11:01:18][MainThread:20196][task_id:D:/program/pyrhonScript/zbcn-py/function/LogTest.py][LogTest.py:13][DEBUG][i:6]
[2019-09-17 11:01:20][MainThread:20196][task_id:D:/program/pyrhonScript/zbcn-py/function/LogTest.py][LogTest.py:13][DEBUG][i:7]
[2019-09-17 11:01:22][MainThread:20196][task_id:D:/program/pyrhonScript/zbcn-py/function/LogTest.py][LogTest.py:13][DEBUG][i:8]
[2019-09-17 11:01:24][MainThread:20196][task_id:D:/program/pyrhonScript/zbcn-py/function/LogTest.py][LogTest.py:13][DEBUG][i:9]
[2019-09-17 11:01:26][MainThread:20196][task_id:D:/program/pyrhonScript/zbcn-py/function/LogTest.py][LogTest.py:16][INFO][over range... time:1568689286.0847888]
[2019-09-17 11:01:26][MainThread:20196][task_id:D:/program/pyrhonScript/zbcn-py/function/LogTest.py][LogTest.py:17][INFO][中文测试结束。。。]
[2019-09-17 11:03:44][MainThread:20024][task_id:log.ZbcnLog][ZbcnLog.py:84][INFO][It works!]
[2019-09-17 11:03:44][MainThread:20024][task_id:D:/program/pyrhonScript/zbcn-py/function/LogTest.py][LogTest.py:10][DEBUG][start range... time:1568689424.5582745]
[2019-09-17 11:03:44][MainThread:20024][task_id:D:/program/pyrhonScript/zbcn-py/function/LogTest.py][LogTest.py:11][INFO][中文测试开始。。。]
[2019-09-17 11:03:44][MainThread:20024][task_id:D:/program/pyrhonScript/zbcn-py/function/LogTest.py][LogTest.py:13][DEBUG][i:0]
[2019-09-17 11:03:46][MainThread:20024][task_id:D:/program/pyrhonScript/zbcn-py/function/LogTest.py][LogTest.py:13][DEBUG][i:1]
[2019-09-17 11:03:48][MainThread:20024][task_id:D:/program/pyrhonScript/zbcn-py/function/LogTest.py][LogTest.py:13][DEBUG][i:2]
[2019-09-17 11:03:50][MainThread:20024][task_id:D:/program/pyrhonScript/zbcn-py/function/LogTest.py][LogTest.py:13][DEBUG][i:3]
[2019-09-17 11:03:52][MainThread:20024][task_id:D:/program/pyrhonScript/zbcn-py/function/LogTest.py][LogTest.py:13][DEBUG][i:4]
[2019-09-17 11:03:54][MainThread:20024][task_id:D:/program/pyrhonScript/zbcn-py/function/LogTest.py][LogTest.py:13][DEBUG][i:5]
[2019-09-17 11:03:56][MainThread:20024][task_id:D:/program/pyrhonScript/zbcn-py/function/LogTest.py][LogTest.py:13][DEBUG][i:6]
[2019-09-17 11:03:58][MainThread:20024][task_id:D:/program/pyrhonScript/zbcn-py/function/LogTest.py][LogTest.py:13][DEBUG][i:7]
[2019-09-17 11:04:00][MainThread:20024][task_id:D:/program/pyrhonScript/zbcn-py/function/LogTest.py][LogTest.py:13][DEBUG][i:8]
[2019-09-17 11:04:02][MainThread:20024][task_id:D:/program/pyrhonScript/zbcn-py/function/LogTest.py][LogTest.py:13][DEBUG][i:9]
[2019-09-17 11:04:04][MainThread:20024][task_id:D:/program/pyrhonScript/zbcn-py/function/LogTest.py][LogTest.py:16][ERROR][over range... time:1568689444.5647416]
[2019-09-17 11:04:04][MainThread:20024][task_id:D:/program/pyrhonScript/zbcn-py/function/LogTest.py][LogTest.py:17][INFO][中文测试结束。。。]
[2019-09-17 11:05:01][MainThread:17132][task_id:log.ZbcnLog][ZbcnLog.py:84][INFO][It works!]
[2019-09-17 11:05:01][MainThread:17132][task_id:D:/program/pyrhonScript/zbcn-py/function/LogTest.py][LogTest.py:10][DEBUG][start range... time:1568689501.5603046]
[2019-09-17 11:05:01][MainThread:17132][task_id:D:/program/pyrhonScript/zbcn-py/function/LogTest.py][LogTest.py:11][INFO][中文测试开始。。。]
[2019-09-17 11:05:01][MainThread:17132][task_id:D:/program/pyrhonScript/zbcn-py/function/LogTest.py][LogTest.py:13][DEBUG][i:0]
[2019-09-17 11:05:03][MainThread:17132][task_id:D:/program/pyrhonScript/zbcn-py/function/LogTest.py][LogTest.py:13][DEBUG][i:1]
[2019-09-17 11:05:05][MainThread:17132][task_id:D:/program/pyrhonScript/zbcn-py/function/LogTest.py][LogTest.py:13][DEBUG][i:2]
[2019-09-17 11:05:07][MainThread:17132][task_id:D:/program/pyrhonScript/zbcn-py/function/LogTest.py][LogTest.py:13][DEBUG][i:3]
[2019-09-17 11:05:09][MainThread:17132][task_id:D:/program/pyrhonScript/zbcn-py/function/LogTest.py][LogTest.py:13][DEBUG][i:4]
[2019-09-17 11:05:11][MainThread:17132][task_id:D:/program/pyrhonScript/zbcn-py/function/LogTest.py][LogTest.py:13][DEBUG][i:5]
[2019-09-17 11:05:13][MainThread:17132][task_id:D:/program/pyrhonScript/zbcn-py/function/LogTest.py][LogTest.py:13][DEBUG][i:6]
[2019-09-17 11:05:15][MainThread:17132][task_id:D:/program/pyrhonScript/zbcn-py/function/LogTest.py][LogTest.py:13][DEBUG][i:7]
[2019-09-17 11:05:17][MainThread:17132][task_id:D:/program/pyrhonScript/zbcn-py/function/LogTest.py][LogTest.py:13][DEBUG][i:8]
[2019-09-17 11:05:19][MainThread:17132][task_id:D:/program/pyrhonScript/zbcn-py/function/LogTest.py][LogTest.py:13][DEBUG][i:9]
[2019-09-17 11:05:21][MainThread:17132][task_id:D:/program/pyrhonScript/zbcn-py/function/LogTest.py][LogTest.py:16][ERROR][over range... time:1568689521.5688276]
[2019-09-17 11:05:21][MainThread:17132][task_id:D:/program/pyrhonScript/zbcn-py/function/LogTest.py][LogTest.py:17][INFO][中文测试结束。。。]
[2019-09-17 11:06:15][MainThread:18376][task_id:log.ZbcnLog][ZbcnLog.py:84][INFO][It works!]
[2019-09-17 11:06:15][MainThread:18376][task_id:D:/program/pyrhonScript/zbcn-py/function/LogTest.py][LogTest.py:10][DEBUG][start range... time:1568689575.466954]
[2019-09-17 11:06:15][MainThread:18376][task_id:D:/program/pyrhonScript/zbcn-py/function/LogTest.py][LogTest.py:11][INFO][中文测试开始。。。]
[2019-09-17 11:06:15][MainThread:18376][task_id:D:/program/pyrhonScript/zbcn-py/function/LogTest.py][LogTest.py:13][DEBUG][i:0]
[2019-09-17 11:06:17][MainThread:18376][task_id:D:/program/pyrhonScript/zbcn-py/function/LogTest.py][LogTest.py:13][DEBUG][i:1]
[2019-09-17 11:06:19][MainThread:18376][task_id:D:/program/pyrhonScript/zbcn-py/function/LogTest.py][LogTest.py:13][DEBUG][i:2]
[2019-09-17 11:06:21][MainThread:18376][task_id:D:/program/pyrhonScript/zbcn-py/function/LogTest.py][LogTest.py:13][DEBUG][i:3]
[2019-09-17 11:06:23][MainThread:18376][task_id:D:/program/pyrhonScript/zbcn-py/function/LogTest.py][LogTest.py:13][DEBUG][i:4]
[2019-09-17 11:06:25][MainThread:18376][task_id:D:/program/pyrhonScript/zbcn-py/function/LogTest.py][LogTest.py:13][DEBUG][i:5]
[2019-09-17 11:06:27][MainThread:18376][task_id:D:/program/pyrhonScript/zbcn-py/function/LogTest.py][LogTest.py:13][DEBUG][i:6]
[2019-09-17 11:06:29][MainThread:18376][task_id:D:/program/pyrhonScript/zbcn-py/function/LogTest.py][LogTest.py:13][DEBUG][i:7]
[2019-09-17 11:06:31][MainThread:18376][task_id:D:/program/pyrhonScript/zbcn-py/function/LogTest.py][LogTest.py:13][DEBUG][i:8]
[2019-09-17 11:06:33][MainThread:18376][task_id:D:/program/pyrhonScript/zbcn-py/function/LogTest.py][LogTest.py:13][DEBUG][i:9]
[2019-09-17 11:06:35][MainThread:18376][task_id:D:/program/pyrhonScript/zbcn-py/function/LogTest.py][LogTest.py:16][ERROR][over range... time:1568689595.4754422]
[2019-09-17 11:06:35][MainThread:18376][task_id:D:/program/pyrhonScript/zbcn-py/function/LogTest.py][LogTest.py:17][INFO][中文测试结束。。。]
